<?xml version="1.0" encoding="UTF-8"?>
<testng-results skipped="0" failed="0" ignored="0" total="1" passed="1">
  <reporter-output>
  </reporter-output>
  <suite name="Suite" duration-ms="5066" started-at="2020-06-24T14:12:18 EET" finished-at="2020-06-24T14:12:23 EET">
    <groups>
    </groups>
    <test name="Test" duration-ms="5066" started-at="2020-06-24T14:12:18 EET" finished-at="2020-06-24T14:12:23 EET">
      <class name="tests.UserRegistrationTest">
        <test-method status="PASS" signature="startDriver(java.lang.String)[pri:0, instance:tests.UserRegistrationTest@2bbf4b8b]" name="startDriver" is-config="true" duration-ms="22135" started-at="2020-06-24T14:11:56 EET" finished-at="2020-06-24T14:12:18 EET">
          <params>
            <param index="0">
              <value>
                <![CDATA[edge]]>
              </value>
            </param>
          </params>
          <reporter-output>
          </reporter-output>
        </test-method> <!-- startDriver -->
        <test-method status="PASS" signature="userRegisterSuccessfully()[pri:0, instance:tests.UserRegistrationTest@2bbf4b8b]" name="userRegisterSuccessfully" duration-ms="5025" started-at="2020-06-24T14:12:18 EET" finished-at="2020-06-24T14:12:23 EET">
          <reporter-output>
          </reporter-output>
        </test-method> <!-- userRegisterSuccessfully -->
        <test-method status="PASS" signature="closeDriver()[pri:0, instance:tests.UserRegistrationTest@2bbf4b8b]" name="closeDriver" is-config="true" duration-ms="1200" started-at="2020-06-24T14:12:23 EET" finished-at="2020-06-24T14:12:25 EET">
          <reporter-output>
          </reporter-output>
        </test-method> <!-- closeDriver -->
      </class> <!-- tests.UserRegistrationTest -->
    </test> <!-- Test -->
  </suite> <!-- Suite -->
</testng-results>
